timeout=15
default 0
splashimage=/live/gnu-tux-usb.xpm.gz
title Clonezilla
root (hd0,3)
kernel /live/vmlinuz boot=live live-config noswap nolocales edd=on
noprompt ocs_live_run="ocs-live-general" ocs_live_extra_param=""
ocs_live_keymap="NONE" ocs_live_batch="yes" ocs_lang="zh_TW.UTF-8"
vga=788 toram=filesystem.squashfs ip=frommedia nosplash
initrd /live/initrd.img
boot
title Recovery Microsoft 7
root (hd0,3)
kernel /live/vmlinuz boot=live union=aufs
ocs_live_run="ocs-live-restore" ocs_live_extra_param="-k -p reboot
restoreparts Win7-Ultimate-x64 sda1" ocs_live_keymap="NONE"
ocs_live_batch="yes" ocs_lang="zh_TW.UTF-8"
vga=788 ip=frommedia nolocales live-media-path=/live bootfrom=/dev/sda
initrd /live/initrd.img
boot
title Clonezilla live (Default settings, VGA 800x600)

root (hd0,3)
kernel /live/vmlinuz boot=live union=aufs
ocs_live_run="ocs-live-restore" ocs_live_extra_param="-k -p reboot
restoreparts Win7-Ultimate-x64 sda1"
ocs_live_keymap="NONE" ocs_live_batch="yes" ocs_lang="zh_TW.UTF-8"
vga=788 ip=frommedia nolocales
initrd /live/initrd.img
boot
